2019-06-30 00:00:05,161 INFO [Thread-13] o.s.s.c.ThreadPoolTaskExecutor [ExecutorConfigurationSupport.java : 208] Shutting down ExecutorService 'applicationTaskExecutor'
2019-06-30 00:00:05,164 INFO [xxl-job, executor TriggerCallbackThread] c.x.j.c.thread.TriggerCallbackThread [TriggerCallbackThread.java : 96] >>>>>>>>>>> xxl-job, executor callback thread destory.
2019-06-30 00:00:05,166 INFO [Thread-8] c.x.j.c.thread.TriggerCallbackThread [TriggerCallbackThread.java : 126] >>>>>>>>>>> xxl-job, executor retry callback thread destory.
2019-06-30 00:00:05,168 INFO [Thread-9] com.xxl.rpc.remoting.net.Server [NettyHttpServer.java : 70] >>>>>>>>>>> xxl-rpc remoting server stop.
2019-06-30 00:00:05,192 INFO [xxl-job, executor ExecutorRegistryThread] c.x.j.c.t.ExecutorRegistryThread [ExecutorRegistryThread.java : 87] >>>>>>>>>>> xxl-job registry-remove success, registryParam:RegistryParam{registGroup='EXECUTOR', registryKey='zldc-job-executer', registryValue='172.24.1.81:9998'}, registryResult:ReturnT [code=200, msg=null, content=null]
2019-06-30 00:00:05,193 INFO [xxl-job, executor ExecutorRegistryThread] c.x.j.c.t.ExecutorRegistryThread [ExecutorRegistryThread.java : 105] >>>>>>>>>>> xxl-job, executor registry thread destory.
2019-06-30 00:00:05,194 INFO [Thread-13] com.xxl.rpc.remoting.net.Server [NettyHttpServer.java : 106] >>>>>>>>>>> xxl-rpc remoting server destroy success.
2019-06-30 00:04:04,466 INFO [main] c.x.j.e.XxlJobExecutorApplication [StartupInfoLogger.java : 50] Starting XxlJobExecutorApplication on userdeMBP with PID 68650 (/Users/user/projects/yuanian/utax-job-admin/xxl-job-executor-samples/xxl-job-executor-sample-springboot/target/classes started by user in /Users/user/projects/yuanian/utax-job-admin)
2019-06-30 00:04:04,472 INFO [main] c.x.j.e.XxlJobExecutorApplication [SpringApplication.java : 675] No active profile set, falling back to default profiles: default
2019-06-30 00:04:06,520 INFO [main] o.s.b.w.e.tomcat.TomcatWebServer [TomcatWebServer.java : 90] Tomcat initialized with port(s): 8081 (http)
2019-06-30 00:04:06,538 INFO [main] o.a.coyote.http11.Http11NioProtocol [DirectJDKLog.java : 173] Initializing ProtocolHandler ["http-nio-8081"]
2019-06-30 00:04:06,556 INFO [main] o.a.catalina.core.StandardService [DirectJDKLog.java : 173] Starting service [Tomcat]
2019-06-30 00:04:06,556 INFO [main] o.a.catalina.core.StandardEngine [DirectJDKLog.java : 173] Starting Servlet engine: [Apache Tomcat/9.0.16]
2019-06-30 00:04:06,580 INFO [main] o.a.c.core.AprLifecycleListener [DirectJDKLog.java : 173] The APR based Apache Tomcat Native library which allows optimal performance in production environments was not found on the java.library.path: [/Users/user/Library/Java/Extensions:/Library/Java/Extensions:/Network/Library/Java/Extensions:/System/Library/Java/Extensions:/usr/lib/java:.]
2019-06-30 00:04:06,680 INFO [main] o.a.c.c.C.[Tomcat].[localhost].[/] [DirectJDKLog.java : 173] Initializing Spring embedded WebApplicationContext
2019-06-30 00:04:06,682 INFO [main] o.s.web.context.ContextLoader [ServletWebServerApplicationContext.java : 296] Root WebApplicationContext: initialization completed in 1702 ms
2019-06-30 00:04:06,756 INFO [main] c.x.j.e.core.config.XxlJobConfig [XxlJobConfig.java : 43] >>>>>>>>>>> xxl-job config init.
2019-06-30 00:04:06,777 INFO [main] c.x.job.core.executor.XxlJobExecutor [XxlJobExecutor.java : 228] >>>>>>>>>>> xxl-job register jobhandler success, name:commandJobHandler, jobHandler:com.xxl.job.executor.service.jobhandler.CommandJobHandler@62577d6
2019-06-30 00:04:06,781 INFO [main] c.x.job.core.executor.XxlJobExecutor [XxlJobExecutor.java : 228] >>>>>>>>>>> xxl-job register jobhandler success, name:demoJobHandler, jobHandler:com.xxl.job.executor.service.jobhandler.DemoJobHandler@772485dd
2019-06-30 00:04:06,782 INFO [main] c.x.job.core.executor.XxlJobExecutor [XxlJobExecutor.java : 228] >>>>>>>>>>> xxl-job register jobhandler success, name:httpJobHandler, jobHandler:com.xxl.job.executor.service.jobhandler.HttpJobHandler@5a12c728
2019-06-30 00:04:06,783 INFO [main] c.x.job.core.executor.XxlJobExecutor [XxlJobExecutor.java : 228] >>>>>>>>>>> xxl-job register jobhandler success, name:shardingJobHandler, jobHandler:com.xxl.job.executor.service.jobhandler.ShardingJobHandler@79ab3a71
2019-06-30 00:04:06,827 INFO [main] c.x.r.r.p.XxlRpcProviderFactory [XxlRpcProviderFactory.java : 176] >>>>>>>>>>> xxl-rpc, provider factory add service success. serviceKey = com.xxl.job.core.biz.ExecutorBiz, serviceBean = class com.xxl.job.core.biz.impl.ExecutorBizImpl
2019-06-30 00:04:06,993 INFO [Thread-9] com.xxl.rpc.remoting.net.Server [NettyHttpServer.java : 62] >>>>>>>>>>> xxl-rpc remoting server start success, nettype = com.xxl.rpc.remoting.net.impl.netty_http.server.NettyHttpServer, port = 9998
2019-06-30 00:04:07,098 INFO [main] o.s.s.c.ThreadPoolTaskExecutor [ExecutorConfigurationSupport.java : 171] Initializing ExecutorService 'applicationTaskExecutor'
2019-06-30 00:04:07,403 INFO [main] o.a.coyote.http11.Http11NioProtocol [DirectJDKLog.java : 173] Starting ProtocolHandler ["http-nio-8081"]
2019-06-30 00:04:07,427 INFO [main] o.s.b.w.e.tomcat.TomcatWebServer [TomcatWebServer.java : 204] Tomcat started on port(s): 8081 (http) with context path ''
2019-06-30 00:04:07,432 INFO [main] c.x.j.e.XxlJobExecutorApplication [StartupInfoLogger.java : 59] Started XxlJobExecutorApplication in 3.386 seconds (JVM running for 4.702)
2019-06-30 00:15:43,447 INFO [Thread-14] o.s.s.c.ThreadPoolTaskExecutor [ExecutorConfigurationSupport.java : 208] Shutting down ExecutorService 'applicationTaskExecutor'
2019-06-30 00:15:43,457 INFO [xxl-job, executor TriggerCallbackThread] c.x.j.c.thread.TriggerCallbackThread [TriggerCallbackThread.java : 96] >>>>>>>>>>> xxl-job, executor callback thread destory.
2019-06-30 00:15:43,459 INFO [Thread-8] c.x.j.c.thread.TriggerCallbackThread [TriggerCallbackThread.java : 126] >>>>>>>>>>> xxl-job, executor retry callback thread destory.
2019-06-30 00:15:43,461 INFO [Thread-9] com.xxl.rpc.remoting.net.Server [NettyHttpServer.java : 70] >>>>>>>>>>> xxl-rpc remoting server stop.
2019-06-30 00:15:43,480 INFO [xxl-job, executor ExecutorRegistryThread] c.x.j.c.t.ExecutorRegistryThread [ExecutorRegistryThread.java : 87] >>>>>>>>>>> xxl-job registry-remove success, registryParam:RegistryParam{registGroup='EXECUTOR', registryKey='zldc-job-executer', registryValue='172.24.1.81:9998'}, registryResult:ReturnT [code=200, msg=null, content=null]
2019-06-30 00:15:43,482 INFO [xxl-job, executor ExecutorRegistryThread] c.x.j.c.t.ExecutorRegistryThread [ExecutorRegistryThread.java : 105] >>>>>>>>>>> xxl-job, executor registry thread destory.
2019-06-30 00:15:43,483 INFO [Thread-14] com.xxl.rpc.remoting.net.Server [NettyHttpServer.java : 106] >>>>>>>>>>> xxl-rpc remoting server destroy success.
2019-06-30 00:16:21,516 INFO [main] c.x.j.e.XxlJobExecutorApplication [StartupInfoLogger.java : 50] Starting XxlJobExecutorApplication on userdeMBP with PID 68768 (/Users/user/projects/yuanian/utax-job-admin/xxl-job-executor-samples/xxl-job-executor-sample-springboot/target/classes started by user in /Users/user/projects/yuanian/utax-job-admin)
2019-06-30 00:16:21,525 INFO [main] c.x.j.e.XxlJobExecutorApplication [SpringApplication.java : 675] No active profile set, falling back to default profiles: default
2019-06-30 00:16:23,853 INFO [main] o.s.b.w.e.tomcat.TomcatWebServer [TomcatWebServer.java : 90] Tomcat initialized with port(s): 8081 (http)
2019-06-30 00:16:23,882 INFO [main] o.a.coyote.http11.Http11NioProtocol [DirectJDKLog.java : 173] Initializing ProtocolHandler ["http-nio-8081"]
2019-06-30 00:16:23,915 INFO [main] o.a.catalina.core.StandardService [DirectJDKLog.java : 173] Starting service [Tomcat]
2019-06-30 00:16:23,916 INFO [main] o.a.catalina.core.StandardEngine [DirectJDKLog.java : 173] Starting Servlet engine: [Apache Tomcat/9.0.16]
2019-06-30 00:16:23,922 INFO [main] o.a.c.core.AprLifecycleListener [DirectJDKLog.java : 173] The APR based Apache Tomcat Native library which allows optimal performance in production environments was not found on the java.library.path: [/Users/user/Library/Java/Extensions:/Library/Java/Extensions:/Network/Library/Java/Extensions:/System/Library/Java/Extensions:/usr/lib/java:.]
2019-06-30 00:16:24,023 INFO [main] o.a.c.c.C.[Tomcat].[localhost].[/] [DirectJDKLog.java : 173] Initializing Spring embedded WebApplicationContext
2019-06-30 00:16:24,023 INFO [main] o.s.web.context.ContextLoader [ServletWebServerApplicationContext.java : 296] Root WebApplicationContext: initialization completed in 1835 ms
2019-06-30 00:16:24,112 INFO [main] c.x.j.e.core.config.XxlJobConfig [XxlJobConfig.java : 43] >>>>>>>>>>> xxl-job config init.
2019-06-30 00:16:24,132 INFO [main] c.x.job.core.executor.XxlJobExecutor [XxlJobExecutor.java : 228] >>>>>>>>>>> xxl-job register jobhandler success, name:commandJobHandler, jobHandler:com.xxl.job.executor.service.jobhandler.CommandJobHandler@e362c57
2019-06-30 00:16:24,135 INFO [main] c.x.job.core.executor.XxlJobExecutor [XxlJobExecutor.java : 228] >>>>>>>>>>> xxl-job register jobhandler success, name:demoJobHandler, jobHandler:com.xxl.job.executor.service.jobhandler.DemoJobHandler@5aa360ea
2019-06-30 00:16:24,135 INFO [main] c.x.job.core.executor.XxlJobExecutor [XxlJobExecutor.java : 228] >>>>>>>>>>> xxl-job register jobhandler success, name:httpJobHandler, jobHandler:com.xxl.job.executor.service.jobhandler.HttpJobHandler@6548bb7d
2019-06-30 00:16:24,135 INFO [main] c.x.job.core.executor.XxlJobExecutor [XxlJobExecutor.java : 228] >>>>>>>>>>> xxl-job register jobhandler success, name:shardingJobHandler, jobHandler:com.xxl.job.executor.service.jobhandler.ShardingJobHandler@e27ba81
2019-06-30 00:16:24,204 INFO [main] c.x.r.r.p.XxlRpcProviderFactory [XxlRpcProviderFactory.java : 176] >>>>>>>>>>> xxl-rpc, provider factory add service success. serviceKey = com.xxl.job.core.biz.ExecutorBiz, serviceBean = class com.xxl.job.core.biz.impl.ExecutorBizImpl
2019-06-30 00:16:24,380 INFO [Thread-11] com.xxl.rpc.remoting.net.Server [NettyHttpServer.java : 62] >>>>>>>>>>> xxl-rpc remoting server start success, nettype = com.xxl.rpc.remoting.net.impl.netty_http.server.NettyHttpServer, port = 9998
2019-06-30 00:16:24,609 INFO [main] o.s.s.c.ThreadPoolTaskExecutor [ExecutorConfigurationSupport.java : 171] Initializing ExecutorService 'applicationTaskExecutor'
2019-06-30 00:16:24,893 INFO [main] o.a.coyote.http11.Http11NioProtocol [DirectJDKLog.java : 173] Starting ProtocolHandler ["http-nio-8081"]
2019-06-30 00:16:24,910 INFO [main] o.s.b.w.e.tomcat.TomcatWebServer [TomcatWebServer.java : 204] Tomcat started on port(s): 8081 (http) with context path ''
2019-06-30 00:16:24,915 INFO [main] c.x.j.e.XxlJobExecutorApplication [StartupInfoLogger.java : 59] Started XxlJobExecutorApplication in 3.954 seconds (JVM running for 4.992)
2019-06-30 00:16:44,528 INFO [xxl-rpc, NettyHttpServer-serverHandlerPool-1275603566] c.x.job.core.executor.XxlJobExecutor [XxlJobExecutor.java : 241] >>>>>>>>>>> xxl-job regist JobThread success, jobId:1, handler:com.xxl.job.executor.service.jobhandler.HttpJobHandler@6548bb7d
2019-06-30 00:16:44,534 ERROR [Thread-20] c.x.job.core.log.XxlJobFileAppender [XxlJobFileAppender.java : 106] No such file or directory
java.io.IOException: No such file or directory
	at java.io.UnixFileSystem.createFileExclusively(Native Method)
	at java.io.File.createNewFile(File.java:1012)
	at com.xxl.job.core.log.XxlJobFileAppender.appendLog(XxlJobFileAppender.java:104)
	at com.xxl.job.core.log.XxlJobLogger.logDetail(XxlJobLogger.java:43)
	at com.xxl.job.core.log.XxlJobLogger.log(XxlJobLogger.java:66)
	at com.xxl.job.core.thread.JobThread.run(JobThread.java:124)
2019-06-30 00:16:44,535 ERROR [Thread-20] c.x.job.core.log.XxlJobFileAppender [XxlJobFileAppender.java : 106] No such file or directory
java.io.IOException: No such file or directory
	at java.io.UnixFileSystem.createFileExclusively(Native Method)
	at java.io.File.createNewFile(File.java:1012)
	at com.xxl.job.core.log.XxlJobFileAppender.appendLog(XxlJobFileAppender.java:104)
	at com.xxl.job.core.log.XxlJobLogger.logDetail(XxlJobLogger.java:43)
	at com.xxl.job.core.log.XxlJobLogger.log(XxlJobLogger.java:81)
	at com.xxl.job.executor.service.jobhandler.HttpJobHandler.execute(HttpJobHandler.java:68)
	at com.xxl.job.core.thread.JobThread.run(JobThread.java:152)
2019-06-30 00:16:44,536 ERROR [Thread-20] c.x.job.core.log.XxlJobFileAppender [XxlJobFileAppender.java : 106] No such file or directory
java.io.IOException: No such file or directory
	at java.io.UnixFileSystem.createFileExclusively(Native Method)
	at java.io.File.createNewFile(File.java:1012)
	at com.xxl.job.core.log.XxlJobFileAppender.appendLog(XxlJobFileAppender.java:104)
	at com.xxl.job.core.log.XxlJobLogger.logDetail(XxlJobLogger.java:43)
	at com.xxl.job.core.log.XxlJobLogger.log(XxlJobLogger.java:66)
	at com.xxl.job.core.thread.JobThread.run(JobThread.java:164)
2019-06-30 00:16:44,620 ERROR [xxl-job, executor TriggerCallbackThread] c.x.job.core.log.XxlJobFileAppender [XxlJobFileAppender.java : 106] No such file or directory
java.io.IOException: No such file or directory
	at java.io.UnixFileSystem.createFileExclusively(Native Method)
	at java.io.File.createNewFile(File.java:1012)
	at com.xxl.job.core.log.XxlJobFileAppender.appendLog(XxlJobFileAppender.java:104)
	at com.xxl.job.core.log.XxlJobLogger.logDetail(XxlJobLogger.java:43)
	at com.xxl.job.core.log.XxlJobLogger.log(XxlJobLogger.java:66)
	at com.xxl.job.core.thread.TriggerCallbackThread.callbackLog(TriggerCallbackThread.java:185)
	at com.xxl.job.core.thread.TriggerCallbackThread.doCallback(TriggerCallbackThread.java:163)
	at com.xxl.job.core.thread.TriggerCallbackThread.access$200(TriggerCallbackThread.java:24)
	at com.xxl.job.core.thread.TriggerCallbackThread$1.run(TriggerCallbackThread.java:74)
	at java.lang.Thread.run(Thread.java:748)
2019-06-30 00:16:57,978 INFO [xxl-job, executor ExecutorRegistryThread] c.x.r.r.i.r.XxlRpcReferenceBean [XxlRpcReferenceBean.java : 225] >>>>>>>>>>> xxl-rpc, invoke error, address:http://127.0.0.1:9999/job-admin/api, XxlRpcRequestXxlRpcRequest{requestId='49810ee1-7ac2-41c1-8242-80e9a6b3bfe1', createMillisTime=1561825014972, accessToken='accvvdd', className='com.xxl.job.core.biz.AdminBiz', methodName='registry', parameterTypes=[class com.xxl.job.core.biz.model.RegistryParam], parameters=[RegistryParam{registGroup='EXECUTOR', registryKey='zldc-job-executer', registryValue='172.24.1.81:9998'}], version='null'}
2019-06-30 00:16:57,979 INFO [xxl-job, executor ExecutorRegistryThread] c.x.j.c.t.ExecutorRegistryThread [ExecutorRegistryThread.java : 57] >>>>>>>>>>> xxl-job registry error, registryParam:RegistryParam{registGroup='EXECUTOR', registryKey='zldc-job-executer', registryValue='172.24.1.81:9998'}
com.xxl.rpc.util.XxlRpcException: xxl-rpc, request timeout at:1561825017978, request:XxlRpcRequest{requestId='49810ee1-7ac2-41c1-8242-80e9a6b3bfe1', createMillisTime=1561825014972, accessToken='accvvdd', className='com.xxl.job.core.biz.AdminBiz', methodName='registry', parameterTypes=[class com.xxl.job.core.biz.model.RegistryParam], parameters=[RegistryParam{registGroup='EXECUTOR', registryKey='zldc-job-executer', registryValue='172.24.1.81:9998'}], version='null'}
	at com.xxl.rpc.remoting.net.params.XxlRpcFutureResponse.get(XxlRpcFutureResponse.java:117)
	at com.xxl.rpc.remoting.invoker.reference.XxlRpcReferenceBean$1.invoke(XxlRpcReferenceBean.java:219)
	at com.sun.proxy.$Proxy54.registry(Unknown Source)
	at com.xxl.job.core.thread.ExecutorRegistryThread$1.run(ExecutorRegistryThread.java:48)
	at java.lang.Thread.run(Thread.java:748)
2019-06-30 00:17:02,402 ERROR [Thread-20] c.x.job.core.log.XxlJobFileAppender [XxlJobFileAppender.java : 106] No such file or directory
java.io.IOException: No such file or directory
	at java.io.UnixFileSystem.createFileExclusively(Native Method)
	at java.io.File.createNewFile(File.java:1012)
	at com.xxl.job.core.log.XxlJobFileAppender.appendLog(XxlJobFileAppender.java:104)
	at com.xxl.job.core.log.XxlJobLogger.logDetail(XxlJobLogger.java:43)
	at com.xxl.job.core.log.XxlJobLogger.log(XxlJobLogger.java:66)
	at com.xxl.job.core.thread.JobThread.run(JobThread.java:124)
2019-06-30 00:17:02,404 ERROR [Thread-20] c.x.job.core.log.XxlJobFileAppender [XxlJobFileAppender.java : 106] No such file or directory
java.io.IOException: No such file or directory
	at java.io.UnixFileSystem.createFileExclusively(Native Method)
	at java.io.File.createNewFile(File.java:1012)
	at com.xxl.job.core.log.XxlJobFileAppender.appendLog(XxlJobFileAppender.java:104)
	at com.xxl.job.core.log.XxlJobLogger.logDetail(XxlJobLogger.java:43)
	at com.xxl.job.core.log.XxlJobLogger.log(XxlJobLogger.java:81)
	at com.xxl.job.executor.service.jobhandler.HttpJobHandler.execute(HttpJobHandler.java:68)
	at com.xxl.job.core.thread.JobThread.run(JobThread.java:152)
2019-06-30 00:17:02,404 ERROR [Thread-20] c.x.job.core.log.XxlJobFileAppender [XxlJobFileAppender.java : 106] No such file or directory
java.io.IOException: No such file or directory
	at java.io.UnixFileSystem.createFileExclusively(Native Method)
	at java.io.File.createNewFile(File.java:1012)
	at com.xxl.job.core.log.XxlJobFileAppender.appendLog(XxlJobFileAppender.java:104)
	at com.xxl.job.core.log.XxlJobLogger.logDetail(XxlJobLogger.java:43)
	at com.xxl.job.core.log.XxlJobLogger.log(XxlJobLogger.java:66)
	at com.xxl.job.core.thread.JobThread.run(JobThread.java:164)
2019-06-30 00:17:02,454 ERROR [xxl-job, executor TriggerCallbackThread] c.x.job.core.log.XxlJobFileAppender [XxlJobFileAppender.java : 106] No such file or directory
java.io.IOException: No such file or directory
	at java.io.UnixFileSystem.createFileExclusively(Native Method)
	at java.io.File.createNewFile(File.java:1012)
	at com.xxl.job.core.log.XxlJobFileAppender.appendLog(XxlJobFileAppender.java:104)
	at com.xxl.job.core.log.XxlJobLogger.logDetail(XxlJobLogger.java:43)
	at com.xxl.job.core.log.XxlJobLogger.log(XxlJobLogger.java:66)
	at com.xxl.job.core.thread.TriggerCallbackThread.callbackLog(TriggerCallbackThread.java:185)
	at com.xxl.job.core.thread.TriggerCallbackThread.doCallback(TriggerCallbackThread.java:163)
	at com.xxl.job.core.thread.TriggerCallbackThread.access$200(TriggerCallbackThread.java:24)
	at com.xxl.job.core.thread.TriggerCallbackThread$1.run(TriggerCallbackThread.java:74)
	at java.lang.Thread.run(Thread.java:748)
2019-06-30 00:17:11,082 ERROR [Thread-20] c.x.job.core.log.XxlJobFileAppender [XxlJobFileAppender.java : 106] No such file or directory
java.io.IOException: No such file or directory
	at java.io.UnixFileSystem.createFileExclusively(Native Method)
	at java.io.File.createNewFile(File.java:1012)
	at com.xxl.job.core.log.XxlJobFileAppender.appendLog(XxlJobFileAppender.java:104)
	at com.xxl.job.core.log.XxlJobLogger.logDetail(XxlJobLogger.java:43)
	at com.xxl.job.core.log.XxlJobLogger.log(XxlJobLogger.java:66)
	at com.xxl.job.core.thread.JobThread.run(JobThread.java:124)
2019-06-30 00:17:11,084 ERROR [Thread-20] c.x.job.core.log.XxlJobFileAppender [XxlJobFileAppender.java : 106] No such file or directory
java.io.IOException: No such file or directory
	at java.io.UnixFileSystem.createFileExclusively(Native Method)
	at java.io.File.createNewFile(File.java:1012)
	at com.xxl.job.core.log.XxlJobFileAppender.appendLog(XxlJobFileAppender.java:104)
	at com.xxl.job.core.log.XxlJobLogger.logDetail(XxlJobLogger.java:43)
	at com.xxl.job.core.log.XxlJobLogger.log(XxlJobLogger.java:81)
	at com.xxl.job.executor.service.jobhandler.HttpJobHandler.execute(HttpJobHandler.java:68)
	at com.xxl.job.core.thread.JobThread.run(JobThread.java:152)
2019-06-30 00:17:11,086 ERROR [Thread-20] c.x.job.core.log.XxlJobFileAppender [XxlJobFileAppender.java : 106] No such file or directory
java.io.IOException: No such file or directory
	at java.io.UnixFileSystem.createFileExclusively(Native Method)
	at java.io.File.createNewFile(File.java:1012)
	at com.xxl.job.core.log.XxlJobFileAppender.appendLog(XxlJobFileAppender.java:104)
	at com.xxl.job.core.log.XxlJobLogger.logDetail(XxlJobLogger.java:43)
	at com.xxl.job.core.log.XxlJobLogger.log(XxlJobLogger.java:66)
	at com.xxl.job.core.thread.JobThread.run(JobThread.java:164)
2019-06-30 00:17:11,181 ERROR [xxl-job, executor TriggerCallbackThread] c.x.job.core.log.XxlJobFileAppender [XxlJobFileAppender.java : 106] No such file or directory
java.io.IOException: No such file or directory
	at java.io.UnixFileSystem.createFileExclusively(Native Method)
	at java.io.File.createNewFile(File.java:1012)
	at com.xxl.job.core.log.XxlJobFileAppender.appendLog(XxlJobFileAppender.java:104)
	at com.xxl.job.core.log.XxlJobLogger.logDetail(XxlJobLogger.java:43)
	at com.xxl.job.core.log.XxlJobLogger.log(XxlJobLogger.java:66)
	at com.xxl.job.core.thread.TriggerCallbackThread.callbackLog(TriggerCallbackThread.java:185)
	at com.xxl.job.core.thread.TriggerCallbackThread.doCallback(TriggerCallbackThread.java:163)
	at com.xxl.job.core.thread.TriggerCallbackThread.access$200(TriggerCallbackThread.java:24)
	at com.xxl.job.core.thread.TriggerCallbackThread$1.run(TriggerCallbackThread.java:74)
	at java.lang.Thread.run(Thread.java:748)
2019-06-30 00:17:21,086 ERROR [Thread-20] c.x.job.core.log.XxlJobFileAppender [XxlJobFileAppender.java : 106] No such file or directory
java.io.IOException: No such file or directory
	at java.io.UnixFileSystem.createFileExclusively(Native Method)
	at java.io.File.createNewFile(File.java:1012)
	at com.xxl.job.core.log.XxlJobFileAppender.appendLog(XxlJobFileAppender.java:104)
	at com.xxl.job.core.log.XxlJobLogger.logDetail(XxlJobLogger.java:43)
	at com.xxl.job.core.log.XxlJobLogger.log(XxlJobLogger.java:66)
	at com.xxl.job.core.thread.JobThread.run(JobThread.java:124)
2019-06-30 00:17:21,087 ERROR [Thread-20] c.x.job.core.log.XxlJobFileAppender [XxlJobFileAppender.java : 106] No such file or directory
java.io.IOException: No such file or directory
	at java.io.UnixFileSystem.createFileExclusively(Native Method)
	at java.io.File.createNewFile(File.java:1012)
	at com.xxl.job.core.log.XxlJobFileAppender.appendLog(XxlJobFileAppender.java:104)
	at com.xxl.job.core.log.XxlJobLogger.logDetail(XxlJobLogger.java:43)
	at com.xxl.job.core.log.XxlJobLogger.log(XxlJobLogger.java:81)
	at com.xxl.job.executor.service.jobhandler.HttpJobHandler.execute(HttpJobHandler.java:68)
	at com.xxl.job.core.thread.JobThread.run(JobThread.java:152)
2019-06-30 00:17:21,087 ERROR [Thread-20] c.x.job.core.log.XxlJobFileAppender [XxlJobFileAppender.java : 106] No such file or directory
java.io.IOException: No such file or directory
	at java.io.UnixFileSystem.createFileExclusively(Native Method)
	at java.io.File.createNewFile(File.java:1012)
	at com.xxl.job.core.log.XxlJobFileAppender.appendLog(XxlJobFileAppender.java:104)
	at com.xxl.job.core.log.XxlJobLogger.logDetail(XxlJobLogger.java:43)
	at com.xxl.job.core.log.XxlJobLogger.log(XxlJobLogger.java:66)
	at com.xxl.job.core.thread.JobThread.run(JobThread.java:164)
2019-06-30 00:17:21,117 ERROR [xxl-job, executor TriggerCallbackThread] c.x.job.core.log.XxlJobFileAppender [XxlJobFileAppender.java : 106] No such file or directory
java.io.IOException: No such file or directory
	at java.io.UnixFileSystem.createFileExclusively(Native Method)
	at java.io.File.createNewFile(File.java:1012)
	at com.xxl.job.core.log.XxlJobFileAppender.appendLog(XxlJobFileAppender.java:104)
	at com.xxl.job.core.log.XxlJobLogger.logDetail(XxlJobLogger.java:43)
	at com.xxl.job.core.log.XxlJobLogger.log(XxlJobLogger.java:66)
	at com.xxl.job.core.thread.TriggerCallbackThread.callbackLog(TriggerCallbackThread.java:185)
	at com.xxl.job.core.thread.TriggerCallbackThread.doCallback(TriggerCallbackThread.java:163)
	at com.xxl.job.core.thread.TriggerCallbackThread.access$200(TriggerCallbackThread.java:24)
	at com.xxl.job.core.thread.TriggerCallbackThread$1.run(TriggerCallbackThread.java:74)
	at java.lang.Thread.run(Thread.java:748)
2019-06-30 00:17:31,089 ERROR [Thread-20] c.x.job.core.log.XxlJobFileAppender [XxlJobFileAppender.java : 106] No such file or directory
java.io.IOException: No such file or directory
	at java.io.UnixFileSystem.createFileExclusively(Native Method)
	at java.io.File.createNewFile(File.java:1012)
	at com.xxl.job.core.log.XxlJobFileAppender.appendLog(XxlJobFileAppender.java:104)
	at com.xxl.job.core.log.XxlJobLogger.logDetail(XxlJobLogger.java:43)
	at com.xxl.job.core.log.XxlJobLogger.log(XxlJobLogger.java:66)
	at com.xxl.job.core.thread.JobThread.run(JobThread.java:124)
2019-06-30 00:17:31,090 ERROR [Thread-20] c.x.job.core.log.XxlJobFileAppender [XxlJobFileAppender.java : 106] No such file or directory
java.io.IOException: No such file or directory
	at java.io.UnixFileSystem.createFileExclusively(Native Method)
	at java.io.File.createNewFile(File.java:1012)
	at com.xxl.job.core.log.XxlJobFileAppender.appendLog(XxlJobFileAppender.java:104)
	at com.xxl.job.core.log.XxlJobLogger.logDetail(XxlJobLogger.java:43)
	at com.xxl.job.core.log.XxlJobLogger.log(XxlJobLogger.java:81)
	at com.xxl.job.executor.service.jobhandler.HttpJobHandler.execute(HttpJobHandler.java:68)
	at com.xxl.job.core.thread.JobThread.run(JobThread.java:152)
2019-06-30 00:17:31,090 ERROR [Thread-20] c.x.job.core.log.XxlJobFileAppender [XxlJobFileAppender.java : 106] No such file or directory
java.io.IOException: No such file or directory
	at java.io.UnixFileSystem.createFileExclusively(Native Method)
	at java.io.File.createNewFile(File.java:1012)
	at com.xxl.job.core.log.XxlJobFileAppender.appendLog(XxlJobFileAppender.java:104)
	at com.xxl.job.core.log.XxlJobLogger.logDetail(XxlJobLogger.java:43)
	at com.xxl.job.core.log.XxlJobLogger.log(XxlJobLogger.java:66)
	at com.xxl.job.core.thread.JobThread.run(JobThread.java:164)
2019-06-30 00:17:31,126 ERROR [xxl-job, executor TriggerCallbackThread] c.x.job.core.log.XxlJobFileAppender [XxlJobFileAppender.java : 106] No such file or directory
java.io.IOException: No such file or directory
	at java.io.UnixFileSystem.createFileExclusively(Native Method)
	at java.io.File.createNewFile(File.java:1012)
	at com.xxl.job.core.log.XxlJobFileAppender.appendLog(XxlJobFileAppender.java:104)
	at com.xxl.job.core.log.XxlJobLogger.logDetail(XxlJobLogger.java:43)
	at com.xxl.job.core.log.XxlJobLogger.log(XxlJobLogger.java:66)
	at com.xxl.job.core.thread.TriggerCallbackThread.callbackLog(TriggerCallbackThread.java:185)
	at com.xxl.job.core.thread.TriggerCallbackThread.doCallback(TriggerCallbackThread.java:163)
	at com.xxl.job.core.thread.TriggerCallbackThread.access$200(TriggerCallbackThread.java:24)
	at com.xxl.job.core.thread.TriggerCallbackThread$1.run(TriggerCallbackThread.java:74)
	at java.lang.Thread.run(Thread.java:748)
2019-06-30 00:17:41,068 ERROR [Thread-20] c.x.job.core.log.XxlJobFileAppender [XxlJobFileAppender.java : 106] No such file or directory
java.io.IOException: No such file or directory
	at java.io.UnixFileSystem.createFileExclusively(Native Method)
	at java.io.File.createNewFile(File.java:1012)
	at com.xxl.job.core.log.XxlJobFileAppender.appendLog(XxlJobFileAppender.java:104)
	at com.xxl.job.core.log.XxlJobLogger.logDetail(XxlJobLogger.java:43)
	at com.xxl.job.core.log.XxlJobLogger.log(XxlJobLogger.java:66)
	at com.xxl.job.core.thread.JobThread.run(JobThread.java:124)
2019-06-30 00:17:41,069 ERROR [Thread-20] c.x.job.core.log.XxlJobFileAppender [XxlJobFileAppender.java : 106] No such file or directory
java.io.IOException: No such file or directory
	at java.io.UnixFileSystem.createFileExclusively(Native Method)
	at java.io.File.createNewFile(File.java:1012)
	at com.xxl.job.core.log.XxlJobFileAppender.appendLog(XxlJobFileAppender.java:104)
	at com.xxl.job.core.log.XxlJobLogger.logDetail(XxlJobLogger.java:43)
	at com.xxl.job.core.log.XxlJobLogger.log(XxlJobLogger.java:81)
	at com.xxl.job.executor.service.jobhandler.HttpJobHandler.execute(HttpJobHandler.java:68)
	at com.xxl.job.core.thread.JobThread.run(JobThread.java:152)
2019-06-30 00:17:41,070 ERROR [Thread-20] c.x.job.core.log.XxlJobFileAppender [XxlJobFileAppender.java : 106] No such file or directory
java.io.IOException: No such file or directory
	at java.io.UnixFileSystem.createFileExclusively(Native Method)
	at java.io.File.createNewFile(File.java:1012)
	at com.xxl.job.core.log.XxlJobFileAppender.appendLog(XxlJobFileAppender.java:104)
	at com.xxl.job.core.log.XxlJobLogger.logDetail(XxlJobLogger.java:43)
	at com.xxl.job.core.log.XxlJobLogger.log(XxlJobLogger.java:66)
	at com.xxl.job.core.thread.JobThread.run(JobThread.java:164)
2019-06-30 00:17:41,106 ERROR [xxl-job, executor TriggerCallbackThread] c.x.job.core.log.XxlJobFileAppender [XxlJobFileAppender.java : 106] No such file or directory
java.io.IOException: No such file or directory
	at java.io.UnixFileSystem.createFileExclusively(Native Method)
	at java.io.File.createNewFile(File.java:1012)
	at com.xxl.job.core.log.XxlJobFileAppender.appendLog(XxlJobFileAppender.java:104)
	at com.xxl.job.core.log.XxlJobLogger.logDetail(XxlJobLogger.java:43)
	at com.xxl.job.core.log.XxlJobLogger.log(XxlJobLogger.java:66)
	at com.xxl.job.core.thread.TriggerCallbackThread.callbackLog(TriggerCallbackThread.java:185)
	at com.xxl.job.core.thread.TriggerCallbackThread.doCallback(TriggerCallbackThread.java:163)
	at com.xxl.job.core.thread.TriggerCallbackThread.access$200(TriggerCallbackThread.java:24)
	at com.xxl.job.core.thread.TriggerCallbackThread$1.run(TriggerCallbackThread.java:74)
	at java.lang.Thread.run(Thread.java:748)
2019-06-30 00:17:51,359 ERROR [Thread-20] c.x.job.core.log.XxlJobFileAppender [XxlJobFileAppender.java : 106] No such file or directory
java.io.IOException: No such file or directory
	at java.io.UnixFileSystem.createFileExclusively(Native Method)
	at java.io.File.createNewFile(File.java:1012)
	at com.xxl.job.core.log.XxlJobFileAppender.appendLog(XxlJobFileAppender.java:104)
	at com.xxl.job.core.log.XxlJobLogger.logDetail(XxlJobLogger.java:43)
	at com.xxl.job.core.log.XxlJobLogger.log(XxlJobLogger.java:66)
	at com.xxl.job.core.thread.JobThread.run(JobThread.java:124)
2019-06-30 00:17:51,360 ERROR [Thread-20] c.x.job.core.log.XxlJobFileAppender [XxlJobFileAppender.java : 106] No such file or directory
java.io.IOException: No such file or directory
	at java.io.UnixFileSystem.createFileExclusively(Native Method)
	at java.io.File.createNewFile(File.java:1012)
	at com.xxl.job.core.log.XxlJobFileAppender.appendLog(XxlJobFileAppender.java:104)
	at com.xxl.job.core.log.XxlJobLogger.logDetail(XxlJobLogger.java:43)
	at com.xxl.job.core.log.XxlJobLogger.log(XxlJobLogger.java:81)
	at com.xxl.job.executor.service.jobhandler.HttpJobHandler.execute(HttpJobHandler.java:68)
	at com.xxl.job.core.thread.JobThread.run(JobThread.java:152)
2019-06-30 00:17:51,361 ERROR [Thread-20] c.x.job.core.log.XxlJobFileAppender [XxlJobFileAppender.java : 106] No such file or directory
java.io.IOException: No such file or directory
	at java.io.UnixFileSystem.createFileExclusively(Native Method)
	at java.io.File.createNewFile(File.java:1012)
	at com.xxl.job.core.log.XxlJobFileAppender.appendLog(XxlJobFileAppender.java:104)
	at com.xxl.job.core.log.XxlJobLogger.logDetail(XxlJobLogger.java:43)
	at com.xxl.job.core.log.XxlJobLogger.log(XxlJobLogger.java:66)
	at com.xxl.job.core.thread.JobThread.run(JobThread.java:164)
2019-06-30 00:17:51,364 ERROR [Thread-20] c.x.job.core.log.XxlJobFileAppender [XxlJobFileAppender.java : 106] No such file or directory
java.io.IOException: No such file or directory
	at java.io.UnixFileSystem.createFileExclusively(Native Method)
	at java.io.File.createNewFile(File.java:1012)
	at com.xxl.job.core.log.XxlJobFileAppender.appendLog(XxlJobFileAppender.java:104)
	at com.xxl.job.core.log.XxlJobLogger.logDetail(XxlJobLogger.java:43)
	at com.xxl.job.core.log.XxlJobLogger.log(XxlJobLogger.java:66)
	at com.xxl.job.core.thread.JobThread.run(JobThread.java:124)
2019-06-30 00:17:51,365 ERROR [Thread-20] c.x.job.core.log.XxlJobFileAppender [XxlJobFileAppender.java : 106] No such file or directory
java.io.IOException: No such file or directory
	at java.io.UnixFileSystem.createFileExclusively(Native Method)
	at java.io.File.createNewFile(File.java:1012)
	at com.xxl.job.core.log.XxlJobFileAppender.appendLog(XxlJobFileAppender.java:104)
	at com.xxl.job.core.log.XxlJobLogger.logDetail(XxlJobLogger.java:43)
	at com.xxl.job.core.log.XxlJobLogger.log(XxlJobLogger.java:81)
	at com.xxl.job.executor.service.jobhandler.HttpJobHandler.execute(HttpJobHandler.java:68)
	at com.xxl.job.core.thread.JobThread.run(JobThread.java:152)
2019-06-30 00:17:51,366 ERROR [Thread-20] c.x.job.core.log.XxlJobFileAppender [XxlJobFileAppender.java : 106] No such file or directory
java.io.IOException: No such file or directory
	at java.io.UnixFileSystem.createFileExclusively(Native Method)
	at java.io.File.createNewFile(File.java:1012)
	at com.xxl.job.core.log.XxlJobFileAppender.appendLog(XxlJobFileAppender.java:104)
	at com.xxl.job.core.log.XxlJobLogger.logDetail(XxlJobLogger.java:43)
	at com.xxl.job.core.log.XxlJobLogger.log(XxlJobLogger.java:66)
	at com.xxl.job.core.thread.JobThread.run(JobThread.java:164)
2019-06-30 00:17:51,520 ERROR [xxl-job, executor TriggerCallbackThread] c.x.job.core.log.XxlJobFileAppender [XxlJobFileAppender.java : 106] No such file or directory
java.io.IOException: No such file or directory
	at java.io.UnixFileSystem.createFileExclusively(Native Method)
	at java.io.File.createNewFile(File.java:1012)
	at com.xxl.job.core.log.XxlJobFileAppender.appendLog(XxlJobFileAppender.java:104)
	at com.xxl.job.core.log.XxlJobLogger.logDetail(XxlJobLogger.java:43)
	at com.xxl.job.core.log.XxlJobLogger.log(XxlJobLogger.java:66)
	at com.xxl.job.core.thread.TriggerCallbackThread.callbackLog(TriggerCallbackThread.java:185)
	at com.xxl.job.core.thread.TriggerCallbackThread.doCallback(TriggerCallbackThread.java:163)
	at com.xxl.job.core.thread.TriggerCallbackThread.access$200(TriggerCallbackThread.java:24)
	at com.xxl.job.core.thread.TriggerCallbackThread$1.run(TriggerCallbackThread.java:74)
	at java.lang.Thread.run(Thread.java:748)
2019-06-30 00:17:51,675 ERROR [xxl-job, executor TriggerCallbackThread] c.x.job.core.log.XxlJobFileAppender [XxlJobFileAppender.java : 106] No such file or directory
java.io.IOException: No such file or directory
	at java.io.UnixFileSystem.createFileExclusively(Native Method)
	at java.io.File.createNewFile(File.java:1012)
	at com.xxl.job.core.log.XxlJobFileAppender.appendLog(XxlJobFileAppender.java:104)
	at com.xxl.job.core.log.XxlJobLogger.logDetail(XxlJobLogger.java:43)
	at com.xxl.job.core.log.XxlJobLogger.log(XxlJobLogger.java:66)
	at com.xxl.job.core.thread.TriggerCallbackThread.callbackLog(TriggerCallbackThread.java:185)
	at com.xxl.job.core.thread.TriggerCallbackThread.doCallback(TriggerCallbackThread.java:163)
	at com.xxl.job.core.thread.TriggerCallbackThread.access$200(TriggerCallbackThread.java:24)
	at com.xxl.job.core.thread.TriggerCallbackThread$1.run(TriggerCallbackThread.java:74)
	at java.lang.Thread.run(Thread.java:748)
2019-06-30 00:17:56,556 INFO [Thread-15] o.s.s.c.ThreadPoolTaskExecutor [ExecutorConfigurationSupport.java : 208] Shutting down ExecutorService 'applicationTaskExecutor'
2019-06-30 00:17:56,559 INFO [xxl-job, executor TriggerCallbackThread] c.x.j.c.thread.TriggerCallbackThread [TriggerCallbackThread.java : 96] >>>>>>>>>>> xxl-job, executor callback thread destory.
2019-06-30 00:17:56,559 ERROR [Thread-20] c.x.job.core.log.XxlJobFileAppender [XxlJobFileAppender.java : 106] No such file or directory
java.io.IOException: No such file or directory
	at java.io.UnixFileSystem.createFileExclusively(Native Method)
	at java.io.File.createNewFile(File.java:1012)
	at com.xxl.job.core.log.XxlJobFileAppender.appendLog(XxlJobFileAppender.java:104)
	at com.xxl.job.core.log.XxlJobLogger.logDetail(XxlJobLogger.java:43)
	at com.xxl.job.core.log.XxlJobLogger.log(XxlJobLogger.java:66)
	at com.xxl.job.core.thread.JobThread.run(JobThread.java:173)
2019-06-30 00:17:56,560 INFO [Thread-10] c.x.j.c.thread.TriggerCallbackThread [TriggerCallbackThread.java : 126] >>>>>>>>>>> xxl-job, executor retry callback thread destory.
2019-06-30 00:17:56,560 ERROR [Thread-20] c.x.job.core.log.XxlJobFileAppender [XxlJobFileAppender.java : 106] No such file or directory
java.io.IOException: No such file or directory
	at java.io.UnixFileSystem.createFileExclusively(Native Method)
	at java.io.File.createNewFile(File.java:1012)
	at com.xxl.job.core.log.XxlJobFileAppender.appendLog(XxlJobFileAppender.java:104)
	at com.xxl.job.core.log.XxlJobLogger.logDetail(XxlJobLogger.java:43)
	at com.xxl.job.core.log.XxlJobLogger.log(XxlJobLogger.java:66)
	at com.xxl.job.core.thread.JobThread.run(JobThread.java:181)
2019-06-30 00:17:56,561 INFO [Thread-20] com.xxl.job.core.thread.JobThread [JobThread.java : 214] >>>>>>>>>>> xxl-job JobThread stoped, hashCode:Thread[Thread-20,10,main]
2019-06-30 00:17:56,561 INFO [Thread-11] com.xxl.rpc.remoting.net.Server [NettyHttpServer.java : 70] >>>>>>>>>>> xxl-rpc remoting server stop.
2019-06-30 00:17:56,580 INFO [xxl-job, executor ExecutorRegistryThread] c.x.j.c.t.ExecutorRegistryThread [ExecutorRegistryThread.java : 87] >>>>>>>>>>> xxl-job registry-remove success, registryParam:RegistryParam{registGroup='EXECUTOR', registryKey='zldc-job-executer', registryValue='172.24.1.81:9998'}, registryResult:ReturnT [code=200, msg=null, content=null]
2019-06-30 00:17:56,581 INFO [xxl-job, executor ExecutorRegistryThread] c.x.j.c.t.ExecutorRegistryThread [ExecutorRegistryThread.java : 105] >>>>>>>>>>> xxl-job, executor registry thread destory.
2019-06-30 00:17:56,581 INFO [Thread-15] com.xxl.rpc.remoting.net.Server [NettyHttpServer.java : 106] >>>>>>>>>>> xxl-rpc remoting server destroy success.
2019-06-30 00:19:02,622 INFO [main] c.x.j.e.XxlJobExecutorApplication [StartupInfoLogger.java : 50] Starting XxlJobExecutorApplication on userdeMBP with PID 68791 (/Users/user/projects/yuanian/utax-job-admin/xxl-job-executor-samples/xxl-job-executor-sample-springboot/target/classes started by user in /Users/user/projects/yuanian/utax-job-admin)
2019-06-30 00:19:02,641 INFO [main] c.x.j.e.XxlJobExecutorApplication [SpringApplication.java : 675] No active profile set, falling back to default profiles: default
2019-06-30 00:19:04,666 INFO [main] o.s.b.w.e.tomcat.TomcatWebServer [TomcatWebServer.java : 90] Tomcat initialized with port(s): 8081 (http)
2019-06-30 00:19:04,685 INFO [main] o.a.coyote.http11.Http11NioProtocol [DirectJDKLog.java : 173] Initializing ProtocolHandler ["http-nio-8081"]
2019-06-30 00:19:04,716 INFO [main] o.a.catalina.core.StandardService [DirectJDKLog.java : 173] Starting service [Tomcat]
2019-06-30 00:19:04,717 INFO [main] o.a.catalina.core.StandardEngine [DirectJDKLog.java : 173] Starting Servlet engine: [Apache Tomcat/9.0.16]
2019-06-30 00:19:04,724 INFO [main] o.a.c.core.AprLifecycleListener [DirectJDKLog.java : 173] The APR based Apache Tomcat Native library which allows optimal performance in production environments was not found on the java.library.path: [/Users/user/Library/Java/Extensions:/Library/Java/Extensions:/Network/Library/Java/Extensions:/System/Library/Java/Extensions:/usr/lib/java:.]
2019-06-30 00:19:04,830 INFO [main] o.a.c.c.C.[Tomcat].[localhost].[/] [DirectJDKLog.java : 173] Initializing Spring embedded WebApplicationContext
2019-06-30 00:19:04,831 INFO [main] o.s.web.context.ContextLoader [ServletWebServerApplicationContext.java : 296] Root WebApplicationContext: initialization completed in 1594 ms
2019-06-30 00:19:04,898 INFO [main] c.x.j.e.core.config.XxlJobConfig [XxlJobConfig.java : 43] >>>>>>>>>>> xxl-job config init.
2019-06-30 00:19:04,920 INFO [main] c.x.job.core.executor.XxlJobExecutor [XxlJobExecutor.java : 228] >>>>>>>>>>> xxl-job register jobhandler success, name:commandJobHandler, jobHandler:com.xxl.job.executor.service.jobhandler.CommandJobHandler@420bc288
2019-06-30 00:19:04,922 INFO [main] c.x.job.core.executor.XxlJobExecutor [XxlJobExecutor.java : 228] >>>>>>>>>>> xxl-job register jobhandler success, name:demoJobHandler, jobHandler:com.xxl.job.executor.service.jobhandler.DemoJobHandler@66b72664
2019-06-30 00:19:04,922 INFO [main] c.x.job.core.executor.XxlJobExecutor [XxlJobExecutor.java : 228] >>>>>>>>>>> xxl-job register jobhandler success, name:httpJobHandler, jobHandler:com.xxl.job.executor.service.jobhandler.HttpJobHandler@7a34b7b8
2019-06-30 00:19:04,922 INFO [main] c.x.job.core.executor.XxlJobExecutor [XxlJobExecutor.java : 228] >>>>>>>>>>> xxl-job register jobhandler success, name:shardingJobHandler, jobHandler:com.xxl.job.executor.service.jobhandler.ShardingJobHandler@58cd06cb
2019-06-30 00:19:04,969 INFO [main] c.x.r.r.p.XxlRpcProviderFactory [XxlRpcProviderFactory.java : 176] >>>>>>>>>>> xxl-rpc, provider factory add service success. serviceKey = com.xxl.job.core.biz.ExecutorBiz, serviceBean = class com.xxl.job.core.biz.impl.ExecutorBizImpl
2019-06-30 00:19:05,136 INFO [Thread-10] com.xxl.rpc.remoting.net.Server [NettyHttpServer.java : 62] >>>>>>>>>>> xxl-rpc remoting server start success, nettype = com.xxl.rpc.remoting.net.impl.netty_http.server.NettyHttpServer, port = 9998
2019-06-30 00:19:05,342 INFO [main] o.s.s.c.ThreadPoolTaskExecutor [ExecutorConfigurationSupport.java : 171] Initializing ExecutorService 'applicationTaskExecutor'
2019-06-30 00:19:05,561 INFO [main] o.a.coyote.http11.Http11NioProtocol [DirectJDKLog.java : 173] Starting ProtocolHandler ["http-nio-8081"]
2019-06-30 00:19:05,583 INFO [main] o.s.b.w.e.tomcat.TomcatWebServer [TomcatWebServer.java : 204] Tomcat started on port(s): 8081 (http) with context path ''
2019-06-30 00:19:05,589 INFO [main] c.x.j.e.XxlJobExecutorApplication [StartupInfoLogger.java : 59] Started XxlJobExecutorApplication in 3.467 seconds (JVM running for 4.67)
2019-06-30 00:19:41,073 INFO [xxl-rpc, NettyHttpServer-serverHandlerPool-2004794582] c.x.job.core.executor.XxlJobExecutor [XxlJobExecutor.java : 241] >>>>>>>>>>> xxl-job regist JobThread success, jobId:1, handler:com.xxl.job.executor.service.jobhandler.HttpJobHandler@7a34b7b8
2019-06-30 00:20:09,652 INFO [Thread-14] o.s.s.c.ThreadPoolTaskExecutor [ExecutorConfigurationSupport.java : 208] Shutting down ExecutorService 'applicationTaskExecutor'
2019-06-30 00:20:09,653 INFO [xxl-job, executor TriggerCallbackThread] c.x.j.c.thread.TriggerCallbackThread [TriggerCallbackThread.java : 96] >>>>>>>>>>> xxl-job, executor callback thread destory.
2019-06-30 00:20:09,654 INFO [Thread-19] com.xxl.job.core.thread.JobThread [JobThread.java : 214] >>>>>>>>>>> xxl-job JobThread stoped, hashCode:Thread[Thread-19,10,main]
2019-06-30 00:20:09,655 INFO [Thread-9] c.x.j.c.thread.TriggerCallbackThread [TriggerCallbackThread.java : 126] >>>>>>>>>>> xxl-job, executor retry callback thread destory.
2019-06-30 00:20:09,655 INFO [Thread-10] com.xxl.rpc.remoting.net.Server [NettyHttpServer.java : 70] >>>>>>>>>>> xxl-rpc remoting server stop.
2019-06-30 00:20:09,677 INFO [xxl-job, executor ExecutorRegistryThread] c.x.j.c.t.ExecutorRegistryThread [ExecutorRegistryThread.java : 87] >>>>>>>>>>> xxl-job registry-remove success, registryParam:RegistryParam{registGroup='EXECUTOR', registryKey='zldc-job-executer', registryValue='172.24.1.81:9998'}, registryResult:ReturnT [code=200, msg=null, content=null]
2019-06-30 00:20:09,679 INFO [xxl-job, executor ExecutorRegistryThread] c.x.j.c.t.ExecutorRegistryThread [ExecutorRegistryThread.java : 105] >>>>>>>>>>> xxl-job, executor registry thread destory.
2019-06-30 00:20:09,680 INFO [Thread-14] com.xxl.rpc.remoting.net.Server [NettyHttpServer.java : 106] >>>>>>>>>>> xxl-rpc remoting server destroy success.
